# JRE version: Java(TM) SE Runtime Environment (8.0_72-b15) (build 1.8.0_72-b15)
# Java VM: Java HotSpot(TM) 64-Bit Server VM (25.72-b15 mixed mode windows-amd64 compressed oops)
Heap:
 PSYoungGen      total 241152K, used 50769K [0x00000000f0580000, 0x0000000100000000, 0x0000000100000000)
  eden space 226816K, 17% used [0x00000000f0580000,0x00000000f2c8e288,0x00000000fe300000)
  from space 14336K, 75% used [0x00000000ff200000,0x00000000ffc863a0,0x0000000100000000)
  to   space 14848K, 0% used [0x00000000fe300000,0x00000000fe300000,0x00000000ff180000)
 ParOldGen       total 52736K, used 30841K [0x00000000d1000000, 0x00000000d4380000, 0x00000000f0580000)
  object space 52736K, 58% used [0x00000000d1000000,0x00000000d2e1e450,0x00000000d4380000)
 Metaspace       used 47390K, capacity 50922K, committed 51200K, reserved 1093632K
  class space    used 6791K, capacity 7382K, committed 7424K, reserved 1048576K
GC Heap History (10 events):
Event: 54.366 GC heap before
{Heap before GC invocations=15 (full 2):
 PSYoungGen      total 195072K, used 178953K [0x00000000f0580000, 0x00000000fd500000, 0x0000000100000000)
  eden space 181760K, 91% used [0x00000000f0580000,0x00000000fa841bc0,0x00000000fb700000)
  from space 13312K, 92% used [0x00000000fc580000,0x00000000fd180ae0,0x00000000fd280000)
  to   space 14848K, 0% used [0x00000000fb700000,0x00000000fb700000,0x00000000fc580000)
 ParOldGen       total 52736K, used 21253K [0x00000000d1000000, 0x00000000d4380000, 0x00000000f0580000)
  object space 52736K, 40% used [0x00000000d1000000,0x00000000d24c17d0,0x00000000d4380000)
 Metaspace       used 46662K, capacity 49756K, committed 50048K, reserved 1091584K
  class space    used 6693K, capacity 7235K, committed 7296K, reserved 1048576K
Event: 54.409 GC heap after
Heap after GC invocations=15 (full 2):
 PSYoungGen      total 196608K, used 7559K [0x00000000f0580000, 0x00000000fd400000, 0x0000000100000000)
  eden space 181760K, 0% used [0x00000000f0580000,0x00000000f0580000,0x00000000fb700000)
  from space 14848K, 50% used [0x00000000fb700000,0x00000000fbe61e48,0x00000000fc580000)
  to   space 14336K, 0% used [0x00000000fc600000,0x00000000fc600000,0x00000000fd400000)
 ParOldGen       total 52736K, used 25991K [0x00000000d1000000, 0x00000000d4380000, 0x00000000f0580000)
  object space 52736K, 49% used [0x00000000d1000000,0x00000000d2961f88,0x00000000d4380000)
 Metaspace       used 46662K, capacity 49756K, committed 50048K, reserved 1091584K
  class space    used 6693K, capacity 7235K, committed 7296K, reserved 1048576K
}
Event: 54.409 GC heap before
{Heap before GC invocations=16 (full 3):
 PSYoungGen      total 196608K, used 7559K [0x00000000f0580000, 0x00000000fd400000, 0x0000000100000000)
  eden space 181760K, 0% used [0x00000000f0580000,0x00000000f0580000,0x00000000fb700000)
  from space 14848K, 50% used [0x00000000fb700000,0x00000000fbe61e48,0x00000000fc580000)
  to   space 14336K, 0% used [0x00000000fc600000,0x00000000fc600000,0x00000000fd400000)
 ParOldGen       total 52736K, used 25991K [0x00000000d1000000, 0x00000000d4380000, 0x00000000f0580000)
  object space 52736K, 49% used [0x00000000d1000000,0x00000000d2961f88,0x00000000d4380000)
 Metaspace       used 46662K, capacity 49756K, committed 50048K, reserved 1091584K
  class space    used 6693K, capacity 7235K, committed 7296K, reserved 1048576K
Event: 54.784 GC heap after
Heap after GC invocations=16 (full 3):
 PSYoungGen      total 196608K, used 0K [0x00000000f0580000, 0x00000000fd400000, 0x0000000100000000)
  eden space 181760K, 0% used [0x00000000f0580000,0x00000000f0580000,0x00000000fb700000)
  from space 14848K, 0% used [0x00000000fb700000,0x00000000fb700000,0x00000000fc580000)
  to   space 14336K, 0% used [0x00000000fc600000,0x00000000fc600000,0x00000000fd400000)
 ParOldGen       total 52736K, used 26946K [0x00000000d1000000, 0x00000000d4380000, 0x00000000f0580000)
  object space 52736K, 51% used [0x00000000d1000000,0x00000000d2a50b10,0x00000000d4380000)
 Metaspace       used 46662K, capacity 49756K, committed 50048K, reserved 1091584K
  class space    used 6693K, capacity 7235K, committed 7296K, reserved 1048576K
}
Event: 58.844 GC heap before
{Heap before GC invocations=17 (full 3):
 PSYoungGen      total 196608K, used 181760K [0x00000000f0580000, 0x00000000fd400000, 0x0000000100000000)
  eden space 181760K, 100% used [0x00000000f0580000,0x00000000fb700000,0x00000000fb700000)
  from space 14848K, 0% used [0x00000000fb700000,0x00000000fb700000,0x00000000fc580000)
  to   space 14336K, 0% used [0x00000000fc600000,0x00000000fc600000,0x00000000fd400000)
 ParOldGen       total 52736K, used 26946K [0x00000000d1000000, 0x00000000d4380000, 0x00000000f0580000)
  object space 52736K, 51% used [0x00000000d1000000,0x00000000d2a50b10,0x00000000d4380000)
 Metaspace       used 46920K, capacity 50202K, committed 50432K, reserved 1091584K
  class space    used 6726K, capacity 7305K, committed 7424K, reserved 1048576K
Event: 58.879 GC heap after
Heap after GC invocations=17 (full 3):
 PSYoungGen      total 197120K, used 9716K [0x00000000f0580000, 0x00000000fff80000, 0x0000000100000000)
  eden space 182784K, 0% used [0x00000000f0580000,0x00000000f0580000,0x00000000fb800000)
  from space 14336K, 67% used [0x00000000fc600000,0x00000000fcf7d330,0x00000000fd400000)
  to   space 14336K, 0% used [0x00000000fb800000,0x00000000fb800000,0x00000000fc600000)
 ParOldGen       total 52736K, used 26954K [0x00000000d1000000, 0x00000000d4380000, 0x00000000f0580000)
  object space 52736K, 51% used [0x00000000d1000000,0x00000000d2a52b10,0x00000000d4380000)
 Metaspace       used 46920K, capacity 50202K, committed 50432K, reserved 1091584K
  class space    used 6726K, capacity 7305K, committed 7424K, reserved 1048576K
}
Event: 254.921 GC heap before
{Heap before GC invocations=18 (full 3):
 PSYoungGen      total 197120K, used 192500K [0x00000000f0580000, 0x00000000fff80000, 0x0000000100000000)
  eden space 182784K, 100% used [0x00000000f0580000,0x00000000fb800000,0x00000000fb800000)
  from space 14336K, 67% used [0x00000000fc600000,0x00000000fcf7d330,0x00000000fd400000)
  to   space 14336K, 0% used [0x00000000fb800000,0x00000000fb800000,0x00000000fc600000)
 ParOldGen       total 52736K, used 26954K [0x00000000d1000000, 0x00000000d4380000, 0x00000000f0580000)
  object space 52736K, 51% used [0x00000000d1000000,0x00000000d2a52b10,0x00000000d4380000)
 Metaspace       used 47230K, capacity 50600K, committed 50688K, reserved 1093632K
  class space    used 6775K, capacity 7357K, committed 7424K, reserved 1048576K
Event: 255.082 GC heap after
Heap after GC invocations=18 (full 3):
 PSYoungGen      total 197120K, used 9049K [0x00000000f0580000, 0x0000000100000000, 0x0000000100000000)
  eden space 182784K, 0% used [0x00000000f0580000,0x00000000f0580000,0x00000000fb800000)
  from space 14336K, 63% used [0x00000000fb800000,0x00000000fc0d6590,0x00000000fc600000)
  to   space 14336K, 0% used [0x00000000ff200000,0x00000000ff200000,0x0000000100000000)
 ParOldGen       total 52736K, used 30833K [0x00000000d1000000, 0x00000000d4380000, 0x00000000f0580000)
  object space 52736K, 58% used [0x00000000d1000000,0x00000000d2e1c450,0x00000000d4380000)
 Metaspace       used 47230K, capacity 50600K, committed 50688K, reserved 1093632K
  class space    used 6775K, capacity 7357K, committed 7424K, reserved 1048576K
}
Event: 625.424 GC heap before
{Heap before GC invocations=19 (full 3):
 PSYoungGen      total 197120K, used 191833K [0x00000000f0580000, 0x0000000100000000, 0x0000000100000000)
  eden space 182784K, 100% used [0x00000000f0580000,0x00000000fb800000,0x00000000fb800000)
  from space 14336K, 63% used [0x00000000fb800000,0x00000000fc0d6590,0x00000000fc600000)
  to   space 14336K, 0% used [0x00000000ff200000,0x00000000ff200000,0x0000000100000000)
 ParOldGen       total 52736K, used 30833K [0x00000000d1000000, 0x00000000d4380000, 0x00000000f0580000)
  object space 52736K, 58% used [0x00000000d1000000,0x00000000d2e1c450,0x00000000d4380000)
 Metaspace       used 47379K, capacity 50898K, committed 50944K, reserved 1093632K
  class space    used 6788K, capacity 7378K, committed 7424K, reserved 1048576K
Event: 625.548 GC heap after
Heap after GC invocations=19 (full 3):
 PSYoungGen      total 241152K, used 10776K [0x00000000f0580000, 0x0000000100000000, 0x0000000100000000)
  eden space 226816K, 0% used [0x00000000f0580000,0x00000000f0580000,0x00000000fe300000)
  from space 14336K, 75% used [0x00000000ff200000,0x00000000ffc863a0,0x0000000100000000)
  to   space 14848K, 0% used [0x00000000fe300000,0x00000000fe300000,0x00000000ff180000)
 ParOldGen       total 52736K, used 30841K [0x00000000d1000000, 0x00000000d4380000, 0x00000000f0580000)
  object space 52736K, 58% used [0x00000000d1000000,0x00000000d2e1e450,0x00000000d4380000)
 Metaspace       used 47379K, capacity 50898K, committed 50944K, reserved 1093632K
  class space    used 6788K, capacity 7378K, committed 7424K, reserved 1048576K
}

